<?xml version="1.0" encoding="UTF-8"?>
<testng-results ignored="0" total="3" passed="3" failed="0" skipped="0">
  <reporter-output>
  </reporter-output>
  <suite started-at="2023-09-21T05:30:08 IST" name="Default suite" finished-at="2023-09-21T05:30:34 IST" duration-ms="26200">
    <groups>
      <group name="cucumber">
        <method signature="AbstractTestNGCucumberTests.runScenario(io.cucumber.testng.PickleWrapper,io.cucumber.testng.FeatureWrapper)[pri:0, instance:com.runner.files.ParallelRunner@4b29d1d2]" name="runScenario" class="io.cucumber.testng.AbstractTestNGCucumberTests"/>
      </group> <!-- cucumber -->
    </groups>
    <test started-at="2023-09-21T05:30:08 IST" name="Default test" finished-at="2023-09-21T05:30:34 IST" duration-ms="26200">
      <class name="com.runner.files.ParallelRunner">
        <test-method is-config="true" signature="setUpClass(org.testng.ITestContext)[pri:0, instance:com.runner.files.ParallelRunner@4b29d1d2]" started-at="2023-09-21T05:30:08 IST" name="setUpClass" finished-at="2023-09-21T05:30:09 IST" duration-ms="444" status="PASS">
          <params>
            <param index="0">
              <value>
                <![CDATA[org.testng.TestRunner@348ad293]]>
              </value>
            </param>
          </params>
          <reporter-output>
          </reporter-output>
        </test-method> <!-- setUpClass -->
        <test-method signature="runScenario(io.cucumber.testng.PickleWrapper,io.cucumber.testng.FeatureWrapper)[pri:0, instance:com.runner.files.ParallelRunner@4b29d1d2]" started-at="2023-09-21T05:30:09 IST" name="runScenario" description="Runs Cucumber Scenarios" data-provider="scenarios" finished-at="2023-09-21T05:30:19 IST" duration-ms="10132" status="PASS">
          <params>
            <param index="0">
              <value>
                <![CDATA["Launch amazon URL"]]>
              </value>
            </param>
            <param index="1">
              <value>
                <![CDATA["Sample Scenarios for Parallel execution"]]>
              </value>
            </param>
          </params>
          <reporter-output>
          </reporter-output>
        </test-method> <!-- runScenario -->
        <test-method signature="runScenario(io.cucumber.testng.PickleWrapper,io.cucumber.testng.FeatureWrapper)[pri:0, instance:com.runner.files.ParallelRunner@4b29d1d2]" started-at="2023-09-21T05:30:19 IST" name="runScenario" description="Runs Cucumber Scenarios" data-provider="scenarios" finished-at="2023-09-21T05:30:27 IST" duration-ms="8576" status="PASS">
          <params>
            <param index="0">
              <value>
                <![CDATA["Launch Flipkart URL"]]>
              </value>
            </param>
            <param index="1">
              <value>
                <![CDATA["Sample Scenarios for Parallel execution"]]>
              </value>
            </param>
          </params>
          <reporter-output>
          </reporter-output>
        </test-method> <!-- runScenario -->
        <test-method signature="runScenario(io.cucumber.testng.PickleWrapper,io.cucumber.testng.FeatureWrapper)[pri:0, instance:com.runner.files.ParallelRunner@4b29d1d2]" started-at="2023-09-21T05:30:27 IST" name="runScenario" description="Runs Cucumber Scenarios" data-provider="scenarios" finished-at="2023-09-21T05:30:34 IST" duration-ms="6930" status="PASS">
          <params>
            <param index="0">
              <value>
                <![CDATA["Launch Facebook URL"]]>
              </value>
            </param>
            <param index="1">
              <value>
                <![CDATA["Sample Scenarios for Parallel execution"]]>
              </value>
            </param>
          </params>
          <reporter-output>
          </reporter-output>
        </test-method> <!-- runScenario -->
        <test-method is-config="true" signature="tearDownClass()[pri:0, instance:com.runner.files.ParallelRunner@4b29d1d2]" started-at="2023-09-21T05:30:34 IST" name="tearDownClass" finished-at="2023-09-21T05:30:34 IST" duration-ms="8" status="PASS">
          <reporter-output>
          </reporter-output>
        </test-method> <!-- tearDownClass -->
      </class> <!-- com.runner.files.ParallelRunner -->
    </test> <!-- Default test -->
  </suite> <!-- Default suite -->
</testng-results>
